python : 2026-03-16 16:39:47 - TestRare - INFO - [*] Testing extraction for: 
https://rareanimes.app/attack-on-titan-season-1-hindi-dubbed-episodes-download-hd/
At line:1 char:1
+ python test_rare_local.py > output.log 2>&1; Get-Content output.log | ...
+ ~~~~~~~~~~~~~~~~~~~~~~~~~~~~~~~~~~~~~~~~~~~
    + CategoryInfo          : NotSpecified: (2026-03-16 16:3...es-download-hd/:String) 
    [], RemoteException
    + FullyQualifiedErrorId : NativeCommandError
 
2026-03-16 16:39:47 - AnimeBot - INFO - [*] Warming up session...
2026-03-16 16:39:52 - AnimeBot - INFO - [*] Trying mirror 1/1...
2026-03-16 16:39:52 - AnimeBot - INFO - [*] Bypassing zipper gate for: https://codedew.
com/zipper/?url=n2YNmJbi%2BaSnSpcy%2BqUnmZiL2B%2BD20U8L6bK7biErSc5f%2FwquEyJfAiqrUZMVEA
NcoLvONMdxu%2FPsVQ20lKSj%2BXPPOjXw2VK%2Fn1DKIcbAgHUxgI%3D
2026-03-16 16:39:57 - AnimeBot - INFO - [*] Fetching final links from MQ page: 
https://swift.multiquality.click/downlead/uEYpIQxeeqL4igB/
2026-03-16 16:39:57 - AnimeBot - INFO - [*] MQ Route: /api/videos/MwH1AQV0ZGx5MwD2LzEyA
QZlZzD4AmR4MzDlBTLjBJZkAmOvMGtjAGWvMGMxZwRmLwZlAQNjA2RmMQx0L2IwZl5arRMDZ3MdI1WFqy8mK1V3
JIyAZRAEYzEiIap2ZQyGMTgUGyMPGIIOZzI5HxR/AJIyZmOyBQOyMGWxBQZmZQxkBGH4ZQx0MQpmAQN0MJH4ATM
zMGHlZmHkLwZkA2H0ZmuuLGV0A2L4ZwEzZwxkMF5VESyKrKMjH3pmqTZ2rJVmFQOwnaM3YaOMHzu3H1M0FwuOAT
j2qHRjnQIKpKAUoUcJJIqEpQSTFyOgLaSjMGSGGH1EJIAgFzZ2GHufJHqXFmMRMl1PnUZ/links | Token: 
wWfEngkNmN...
2026-03-16 16:40:01 - AnimeBot - INFO - [*] Fetching links (Attempt 1/3)...
2026-03-16 16:40:01 - TestRare - INFO - [+] Episodes extracted: 1
2026-03-16 16:40:01 - TestRare - INFO -     - Episode 1: 3 qualities found
2026-03-16 16:40:01 - TestRare - INFO -         * 360P SD: 
https://dtpeqsaxgpboayd.groovy.monster/download/MJVkBQDmAwpm...
2026-03-16 16:40:01 - TestRare - INFO -         * 720P HD: 
https://dtpeqsaxgpboayd.groovy.monster/download/AmOwZGp2LzEv...
2026-03-16 16:40:01 - TestRare - INFO -         * 1080P FHD: 
https://dtpeqsaxgpboayd.groovy.monster/download/ZJDmAJDlBJD1...
